TN:
SF:./src/textStack.js
FN:8,(anonymous_1)
FN:21,(anonymous_2)
FN:29,(anonymous_3)
FN:50,(anonymous_4)
FN:104,(anonymous_5)
FN:130,(anonymous_6)
FN:152,(anonymous_7)
FN:161,(anonymous_8)
FN:180,(anonymous_9)
FN:203,(anonymous_10)
FN:231,(anonymous_11)
FN:254,(anonymous_12)
FN:269,(anonymous_13)
FN:295,(anonymous_14)
FN:312,(anonymous_15)
FN:332,(anonymous_16)
FN:334,(anonymous_17)
FN:337,(anonymous_18)
FN:359,(anonymous_19)
FN:389,(anonymous_20)
FN:425,(anonymous_21)
FN:468,(anonymous_22)
FN:484,(anonymous_23)
FNF:23
FNH:23
FNDA:1,(anonymous_1)
FNDA:1,(anonymous_2)
FNDA:182,(anonymous_3)
FNDA:21,(anonymous_4)
FNDA:21,(anonymous_5)
FNDA:1,(anonymous_6)
FNDA:28,(anonymous_7)
FNDA:3,(anonymous_8)
FNDA:12,(anonymous_9)
FNDA:8,(anonymous_10)
FNDA:3,(anonymous_11)
FNDA:3,(anonymous_12)
FNDA:42,(anonymous_13)
FNDA:9,(anonymous_14)
FNDA:2,(anonymous_15)
FNDA:43,(anonymous_16)
FNDA:86,(anonymous_17)
FNDA:43,(anonymous_18)
FNDA:5,(anonymous_19)
FNDA:9,(anonymous_20)
FNDA:66,(anonymous_21)
FNDA:60,(anonymous_22)
FNDA:2,(anonymous_23)
DA:8,1
DA:10,1
DA:11,1
DA:12,1
DA:13,1
DA:14,1
DA:15,1
DA:17,1
DA:19,1
DA:29,1
DA:30,182
DA:50,1
DA:52,21
DA:53,21
DA:56,21
DA:57,21
DA:58,21
DA:59,21
DA:60,21
DA:64,21
DA:65,21
DA:66,21
DA:67,21
DA:68,21
DA:69,21
DA:70,21
DA:71,21
DA:72,21
DA:73,21
DA:74,21
DA:77,21
DA:80,21
DA:93,1
DA:104,1
DA:106,21
DA:115,21
DA:116,105
DA:117,84
DA:118,21
DA:119,21
DA:130,1
DA:132,1
DA:133,5
DA:134,4
DA:135,1
DA:136,1
DA:139,1
DA:152,1
DA:153,28
DA:156,28
DA:157,28
DA:159,6
DA:161,2
DA:162,3
DA:163,3
DA:168,2
DA:169,1
DA:175,28
DA:176,27
DA:180,28
DA:181,1
DA:182,1
DA:183,1
DA:187,28
DA:188,27
DA:190,28
DA:203,1
DA:204,8
DA:207,8
DA:208,8
DA:209,8
DA:213,8
DA:214,8
DA:218,8
DA:231,1
DA:232,3
DA:235,3
DA:237,1
DA:241,3
DA:254,1
DA:255,3
DA:256,3
DA:269,1
DA:271,42
DA:272,1
DA:273,1
DA:274,1
DA:278,42
DA:279,8
DA:281,8
DA:295,1
DA:296,9
DA:297,5
DA:298,5
DA:312,1
DA:313,2
DA:314,2
DA:316,1
DA:332,1
DA:333,43
DA:334,43
DA:335,86
DA:336,20
DA:337,20
DA:338,43
DA:339,43
DA:343,20
DA:344,4
DA:345,4
DA:349,43
DA:359,1
DA:361,5
DA:364,5
DA:365,5
DA:367,4
DA:368,4
DA:371,4
DA:372,3
DA:373,3
DA:377,4
DA:378,4
DA:389,1
DA:391,9
DA:394,9
DA:395,9
DA:397,8
DA:400,8
DA:401,8
DA:404,8
DA:405,5
DA:406,5
DA:410,8
DA:411,8
DA:413,1
DA:425,1
DA:427,66
DA:428,66
DA:431,66
DA:434,66
DA:436,57
DA:437,3
DA:438,3
DA:442,57
DA:447,57
DA:450,57
DA:451,23
DA:453,57
DA:455,9
DA:468,1
DA:469,60
DA:470,60
DA:471,4
DA:472,4
DA:474,60
DA:484,1
DA:485,2
DA:486,2
DA:487,2
DA:488,1
DA:492,1
LF:160
LH:160
BRDA:10,1,0,0
BRDA:10,1,1,1
BRDA:10,2,0,1
BRDA:10,2,1,0
BRDA:12,3,0,0
BRDA:12,3,1,1
BRDA:14,4,0,0
BRDA:14,4,1,0
BRDA:14,5,0,0
BRDA:14,5,1,0
BRDA:52,6,0,21
BRDA:52,6,1,21
BRDA:53,7,0,21
BRDA:53,7,1,21
BRDA:56,8,0,21
BRDA:56,8,1,21
BRDA:57,9,0,0
BRDA:57,9,1,21
BRDA:57,10,0,21
BRDA:57,10,1,0
BRDA:57,11,0,21
BRDA:57,11,1,0
BRDA:58,12,0,21
BRDA:58,12,1,21
BRDA:59,13,0,21
BRDA:59,13,1,21
BRDA:60,14,0,21
BRDA:60,14,1,21
BRDA:116,15,0,84
BRDA:116,15,1,21
BRDA:118,16,0,21
BRDA:118,16,1,0
BRDA:133,17,0,4
BRDA:133,17,1,1
BRDA:135,18,0,1
BRDA:135,18,1,0
BRDA:157,19,0,6
BRDA:157,19,1,22
BRDA:159,20,0,2
BRDA:159,20,1,4
BRDA:159,21,0,6
BRDA:159,21,1,6
BRDA:159,21,2,6
BRDA:159,21,3,2
BRDA:159,21,4,4
BRDA:162,22,0,3
BRDA:162,22,1,0
BRDA:162,23,0,3
BRDA:162,23,1,3
BRDA:168,24,0,1
BRDA:168,24,1,1
BRDA:175,25,0,27
BRDA:175,25,1,1
BRDA:180,26,0,1
BRDA:180,26,1,27
BRDA:180,27,0,28
BRDA:180,27,1,6
BRDA:187,28,0,27
BRDA:187,28,1,1
BRDA:208,29,0,8
BRDA:208,29,1,0
BRDA:213,30,0,8
BRDA:213,30,1,0
BRDA:235,31,0,1
BRDA:235,31,1,2
BRDA:271,32,0,1
BRDA:271,32,1,41
BRDA:278,33,0,8
BRDA:278,33,1,34
BRDA:281,34,0,8
BRDA:281,34,1,0
BRDA:296,35,0,5
BRDA:296,35,1,4
BRDA:313,36,0,2
BRDA:313,36,1,0
BRDA:313,37,0,2
BRDA:313,37,1,2
BRDA:314,38,0,1
BRDA:314,38,1,1
BRDA:316,39,0,1
BRDA:316,39,1,0
BRDA:335,40,0,20
BRDA:335,40,1,66
BRDA:335,41,0,86
BRDA:335,41,1,84
BRDA:339,42,0,43
BRDA:339,42,1,15
BRDA:343,43,0,4
BRDA:343,43,1,16
BRDA:361,44,0,5
BRDA:361,44,1,2
BRDA:365,45,0,4
BRDA:365,45,1,1
BRDA:371,46,0,3
BRDA:371,46,1,1
BRDA:391,47,0,9
BRDA:391,47,1,2
BRDA:395,48,0,8
BRDA:395,48,1,1
BRDA:404,49,0,5
BRDA:404,49,1,3
BRDA:410,50,0,7
BRDA:410,50,1,1
BRDA:410,51,0,8
BRDA:410,51,1,8
BRDA:428,52,0,45
BRDA:428,52,1,21
BRDA:434,53,0,57
BRDA:434,53,1,9
BRDA:434,54,0,66
BRDA:434,54,1,43
BRDA:434,54,2,40
BRDA:436,55,0,3
BRDA:436,55,1,54
BRDA:450,56,0,23
BRDA:450,56,1,34
BRDA:469,57,0,60
BRDA:469,57,1,56
BRDA:469,57,2,56
BRDA:470,58,0,4
BRDA:470,58,1,56
BRDA:471,59,0,4
BRDA:471,59,1,2
BRDA:471,60,0,4
BRDA:471,60,1,2
BRDA:472,61,0,4
BRDA:472,61,1,2
BRDA:472,62,0,4
BRDA:472,62,1,2
BRDA:487,63,0,1
BRDA:487,63,1,1
BRF:131
BRH:120
end_of_record
