TN:
SF:./src/textStack.js
FN:8,(anonymous_1)
FN:21,(anonymous_2)
FN:29,(anonymous_3)
FN:50,(anonymous_4)
FN:95,(anonymous_5)
FN:119,(anonymous_6)
FN:136,(anonymous_7)
FN:145,(anonymous_8)
FN:170,(anonymous_9)
FN:193,(anonymous_10)
FN:211,(anonymous_11)
FN:221,(anonymous_12)
FN:242,(anonymous_13)
FN:254,(anonymous_14)
FN:266,(anonymous_15)
FN:268,(anonymous_16)
FN:271,(anonymous_17)
FN:293,(anonymous_18)
FN:323,(anonymous_19)
FN:363,(anonymous_20)
FN:406,(anonymous_21)
FN:422,(anonymous_22)
FNF:22
FNH:22
FNDA:1,(anonymous_1)
FNDA:1,(anonymous_2)
FNDA:149,(anonymous_3)
FNDA:20,(anonymous_4)
FNDA:20,(anonymous_5)
FNDA:1,(anonymous_6)
FNDA:29,(anonymous_7)
FNDA:3,(anonymous_8)
FNDA:11,(anonymous_9)
FNDA:3,(anonymous_10)
FNDA:3,(anonymous_11)
FNDA:46,(anonymous_12)
FNDA:8,(anonymous_13)
FNDA:2,(anonymous_14)
FNDA:47,(anonymous_15)
FNDA:94,(anonymous_16)
FNDA:39,(anonymous_17)
FNDA:5,(anonymous_18)
FNDA:9,(anonymous_19)
FNDA:59,(anonymous_20)
FNDA:53,(anonymous_21)
FNDA:2,(anonymous_22)
DA:8,1
DA:10,1
DA:11,1
DA:12,1
DA:13,1
DA:14,1
DA:15,1
DA:17,1
DA:19,1
DA:29,1
DA:30,149
DA:50,1
DA:52,20
DA:53,20
DA:56,20
DA:57,20
DA:58,20
DA:59,20
DA:60,20
DA:64,20
DA:65,20
DA:66,20
DA:67,20
DA:68,20
DA:69,20
DA:70,20
DA:71,20
DA:72,20
DA:73,20
DA:74,20
DA:77,20
DA:80,20
DA:89,1
DA:95,1
DA:97,20
DA:106,20
DA:107,100
DA:108,80
DA:109,20
DA:110,20
DA:119,1
DA:121,1
DA:122,5
DA:123,4
DA:124,1
DA:125,1
DA:128,1
DA:136,1
DA:137,29
DA:140,29
DA:142,6
DA:144,2
DA:145,2
DA:146,3
DA:147,3
DA:152,2
DA:153,1
DA:159,29
DA:160,28
DA:162,29
DA:170,1
DA:171,11
DA:174,11
DA:175,11
DA:176,11
DA:180,11
DA:181,11
DA:185,11
DA:193,1
DA:194,3
DA:197,3
DA:199,1
DA:203,3
DA:211,1
DA:212,3
DA:213,3
DA:221,1
DA:223,46
DA:224,1
DA:225,1
DA:226,1
DA:230,46
DA:231,7
DA:233,7
DA:242,1
DA:243,8
DA:244,1
DA:245,1
DA:254,1
DA:255,2
DA:256,1
DA:266,1
DA:267,47
DA:268,47
DA:269,94
DA:270,18
DA:271,18
DA:272,39
DA:273,39
DA:277,18
DA:278,4
DA:279,4
DA:283,47
DA:293,1
DA:295,5
DA:298,5
DA:299,5
DA:301,4
DA:302,4
DA:305,4
DA:306,3
DA:307,3
DA:311,4
DA:312,4
DA:323,1
DA:325,9
DA:328,9
DA:329,9
DA:331,8
DA:334,8
DA:335,8
DA:336,1
DA:337,1
DA:339,7
DA:342,7
DA:343,5
DA:344,5
DA:348,7
DA:349,7
DA:351,1
DA:363,1
DA:365,59
DA:366,59
DA:369,59
DA:372,59
DA:374,53
DA:375,3
DA:376,3
DA:380,53
DA:385,53
DA:388,53
DA:389,22
DA:391,53
DA:393,6
DA:406,1
DA:407,53
DA:408,53
DA:409,4
DA:410,4
DA:412,53
DA:422,1
DA:423,2
DA:424,2
DA:425,2
DA:426,1
DA:430,1
LF:156
LH:156
BRDA:10,1,0,0
BRDA:10,1,1,1
BRDA:10,2,0,1
BRDA:10,2,1,0
BRDA:12,3,0,0
BRDA:12,3,1,1
BRDA:14,4,0,0
BRDA:14,4,1,0
BRDA:14,5,0,0
BRDA:14,5,1,0
BRDA:52,6,0,20
BRDA:52,6,1,20
BRDA:53,7,0,20
BRDA:53,7,1,20
BRDA:56,8,0,20
BRDA:56,8,1,20
BRDA:57,9,0,20
BRDA:57,9,1,20
BRDA:58,10,0,20
BRDA:58,10,1,20
BRDA:59,11,0,20
BRDA:59,11,1,20
BRDA:60,12,0,20
BRDA:60,12,1,20
BRDA:107,13,0,80
BRDA:107,13,1,20
BRDA:109,14,0,20
BRDA:109,14,1,0
BRDA:122,15,0,4
BRDA:122,15,1,1
BRDA:124,16,0,1
BRDA:124,16,1,0
BRDA:140,17,0,6
BRDA:140,17,1,23
BRDA:142,18,0,2
BRDA:142,18,1,4
BRDA:142,19,0,6
BRDA:142,19,1,6
BRDA:142,19,2,6
BRDA:142,19,3,2
BRDA:142,19,4,4
BRDA:146,20,0,3
BRDA:146,20,1,0
BRDA:146,21,0,3
BRDA:146,21,1,3
BRDA:152,22,0,1
BRDA:152,22,1,1
BRDA:159,23,0,28
BRDA:159,23,1,1
BRDA:175,24,0,11
BRDA:175,24,1,0
BRDA:180,25,0,11
BRDA:180,25,1,0
BRDA:197,26,0,1
BRDA:197,26,1,2
BRDA:223,27,0,1
BRDA:223,27,1,45
BRDA:230,28,0,7
BRDA:230,28,1,39
BRDA:233,29,0,7
BRDA:233,29,1,0
BRDA:243,30,0,1
BRDA:243,30,1,7
BRDA:255,31,0,1
BRDA:255,31,1,1
BRDA:255,32,0,2
BRDA:255,32,1,2
BRDA:269,33,0,18
BRDA:269,33,1,76
BRDA:269,34,0,94
BRDA:269,34,1,92
BRDA:273,35,0,39
BRDA:273,35,1,13
BRDA:277,36,0,4
BRDA:277,36,1,14
BRDA:295,37,0,5
BRDA:295,37,1,2
BRDA:299,38,0,4
BRDA:299,38,1,1
BRDA:305,39,0,3
BRDA:305,39,1,1
BRDA:325,40,0,9
BRDA:325,40,1,2
BRDA:329,41,0,8
BRDA:329,41,1,1
BRDA:335,42,0,1
BRDA:335,42,1,7
BRDA:335,43,0,8
BRDA:335,43,1,8
BRDA:342,44,0,5
BRDA:342,44,1,2
BRDA:348,45,0,7
BRDA:348,45,1,0
BRDA:348,46,0,7
BRDA:348,46,1,7
BRDA:366,47,0,39
BRDA:366,47,1,20
BRDA:372,48,0,53
BRDA:372,48,1,6
BRDA:372,49,0,59
BRDA:372,49,1,37
BRDA:372,49,2,34
BRDA:374,50,0,3
BRDA:374,50,1,50
BRDA:388,51,0,22
BRDA:388,51,1,31
BRDA:407,52,0,53
BRDA:407,52,1,49
BRDA:407,52,2,49
BRDA:408,53,0,4
BRDA:408,53,1,49
BRDA:409,54,0,4
BRDA:409,54,1,2
BRDA:409,55,0,4
BRDA:409,55,1,2
BRDA:410,56,0,4
BRDA:410,56,1,2
BRDA:410,57,0,4
BRDA:410,57,1,2
BRDA:425,58,0,1
BRDA:425,58,1,1
BRF:121
BRH:114
end_of_record
