TN:
SF:./src/textStack.js
FN:8,(anonymous_1)
FN:21,(anonymous_2)
FN:29,(anonymous_3)
FN:50,(anonymous_4)
FN:95,(anonymous_5)
FN:119,(anonymous_6)
FN:136,(anonymous_7)
FN:145,(anonymous_8)
FN:164,(anonymous_9)
FN:182,(anonymous_10)
FN:205,(anonymous_11)
FN:223,(anonymous_12)
FN:233,(anonymous_13)
FN:254,(anonymous_14)
FN:266,(anonymous_15)
FN:281,(anonymous_16)
FN:283,(anonymous_17)
FN:286,(anonymous_18)
FN:308,(anonymous_19)
FN:338,(anonymous_20)
FN:374,(anonymous_21)
FN:417,(anonymous_22)
FN:433,(anonymous_23)
FNF:23
FNH:23
FNDA:1,(anonymous_1)
FNDA:1,(anonymous_2)
FNDA:182,(anonymous_3)
FNDA:21,(anonymous_4)
FNDA:21,(anonymous_5)
FNDA:1,(anonymous_6)
FNDA:28,(anonymous_7)
FNDA:3,(anonymous_8)
FNDA:12,(anonymous_9)
FNDA:8,(anonymous_10)
FNDA:3,(anonymous_11)
FNDA:3,(anonymous_12)
FNDA:42,(anonymous_13)
FNDA:9,(anonymous_14)
FNDA:2,(anonymous_15)
FNDA:43,(anonymous_16)
FNDA:86,(anonymous_17)
FNDA:43,(anonymous_18)
FNDA:5,(anonymous_19)
FNDA:9,(anonymous_20)
FNDA:66,(anonymous_21)
FNDA:60,(anonymous_22)
FNDA:2,(anonymous_23)
DA:8,1
DA:10,1
DA:11,1
DA:12,1
DA:13,1
DA:14,1
DA:15,1
DA:17,1
DA:19,1
DA:29,1
DA:30,182
DA:50,1
DA:52,21
DA:53,21
DA:56,21
DA:57,21
DA:58,21
DA:59,21
DA:60,21
DA:64,21
DA:65,21
DA:66,21
DA:67,21
DA:68,21
DA:69,21
DA:70,21
DA:71,21
DA:72,21
DA:73,21
DA:74,21
DA:77,21
DA:80,21
DA:89,1
DA:95,1
DA:97,21
DA:106,21
DA:107,105
DA:108,84
DA:109,21
DA:110,21
DA:119,1
DA:121,1
DA:122,5
DA:123,4
DA:124,1
DA:125,1
DA:128,1
DA:136,1
DA:137,28
DA:140,28
DA:141,28
DA:143,6
DA:145,2
DA:146,3
DA:147,3
DA:152,2
DA:153,1
DA:159,28
DA:160,27
DA:164,28
DA:165,1
DA:166,1
DA:167,1
DA:171,28
DA:172,27
DA:174,28
DA:182,1
DA:183,8
DA:186,8
DA:187,8
DA:188,8
DA:192,8
DA:193,8
DA:197,8
DA:205,1
DA:206,3
DA:209,3
DA:211,1
DA:215,3
DA:223,1
DA:224,3
DA:225,3
DA:233,1
DA:235,42
DA:236,1
DA:237,1
DA:238,1
DA:242,42
DA:243,8
DA:245,8
DA:254,1
DA:255,9
DA:256,5
DA:257,5
DA:266,1
DA:267,2
DA:268,2
DA:270,1
DA:281,1
DA:282,43
DA:283,43
DA:284,86
DA:285,20
DA:286,20
DA:287,43
DA:288,43
DA:292,20
DA:293,4
DA:294,4
DA:298,43
DA:308,1
DA:310,5
DA:313,5
DA:314,5
DA:316,4
DA:317,4
DA:320,4
DA:321,3
DA:322,3
DA:326,4
DA:327,4
DA:338,1
DA:340,9
DA:343,9
DA:344,9
DA:346,8
DA:349,8
DA:350,8
DA:353,8
DA:354,5
DA:355,5
DA:359,8
DA:360,8
DA:362,1
DA:374,1
DA:376,66
DA:377,66
DA:380,66
DA:383,66
DA:385,57
DA:386,3
DA:387,3
DA:391,57
DA:396,57
DA:399,57
DA:400,23
DA:402,57
DA:404,9
DA:417,1
DA:418,60
DA:419,60
DA:420,4
DA:421,4
DA:423,60
DA:433,1
DA:434,2
DA:435,2
DA:436,2
DA:437,1
DA:441,1
LF:160
LH:160
BRDA:10,1,0,0
BRDA:10,1,1,1
BRDA:10,2,0,1
BRDA:10,2,1,0
BRDA:12,3,0,0
BRDA:12,3,1,1
BRDA:14,4,0,0
BRDA:14,4,1,0
BRDA:14,5,0,0
BRDA:14,5,1,0
BRDA:52,6,0,21
BRDA:52,6,1,21
BRDA:53,7,0,21
BRDA:53,7,1,21
BRDA:56,8,0,21
BRDA:56,8,1,21
BRDA:57,9,0,0
BRDA:57,9,1,21
BRDA:57,10,0,21
BRDA:57,10,1,0
BRDA:57,11,0,21
BRDA:57,11,1,0
BRDA:58,12,0,21
BRDA:58,12,1,21
BRDA:59,13,0,21
BRDA:59,13,1,21
BRDA:60,14,0,21
BRDA:60,14,1,21
BRDA:107,15,0,84
BRDA:107,15,1,21
BRDA:109,16,0,21
BRDA:109,16,1,0
BRDA:122,17,0,4
BRDA:122,17,1,1
BRDA:124,18,0,1
BRDA:124,18,1,0
BRDA:141,19,0,6
BRDA:141,19,1,22
BRDA:143,20,0,2
BRDA:143,20,1,4
BRDA:143,21,0,6
BRDA:143,21,1,6
BRDA:143,21,2,6
BRDA:143,21,3,2
BRDA:143,21,4,4
BRDA:146,22,0,3
BRDA:146,22,1,0
BRDA:146,23,0,3
BRDA:146,23,1,3
BRDA:152,24,0,1
BRDA:152,24,1,1
BRDA:159,25,0,27
BRDA:159,25,1,1
BRDA:164,26,0,1
BRDA:164,26,1,27
BRDA:164,27,0,28
BRDA:164,27,1,6
BRDA:171,28,0,27
BRDA:171,28,1,1
BRDA:187,29,0,8
BRDA:187,29,1,0
BRDA:192,30,0,8
BRDA:192,30,1,0
BRDA:209,31,0,1
BRDA:209,31,1,2
BRDA:235,32,0,1
BRDA:235,32,1,41
BRDA:242,33,0,8
BRDA:242,33,1,34
BRDA:245,34,0,8
BRDA:245,34,1,0
BRDA:255,35,0,5
BRDA:255,35,1,4
BRDA:267,36,0,2
BRDA:267,36,1,0
BRDA:267,37,0,2
BRDA:267,37,1,2
BRDA:268,38,0,1
BRDA:268,38,1,1
BRDA:270,39,0,1
BRDA:270,39,1,0
BRDA:284,40,0,20
BRDA:284,40,1,66
BRDA:284,41,0,86
BRDA:284,41,1,84
BRDA:288,42,0,43
BRDA:288,42,1,15
BRDA:292,43,0,4
BRDA:292,43,1,16
BRDA:310,44,0,5
BRDA:310,44,1,2
BRDA:314,45,0,4
BRDA:314,45,1,1
BRDA:320,46,0,3
BRDA:320,46,1,1
BRDA:340,47,0,9
BRDA:340,47,1,2
BRDA:344,48,0,8
BRDA:344,48,1,1
BRDA:353,49,0,5
BRDA:353,49,1,3
BRDA:359,50,0,7
BRDA:359,50,1,1
BRDA:359,51,0,8
BRDA:359,51,1,8
BRDA:377,52,0,45
BRDA:377,52,1,21
BRDA:383,53,0,57
BRDA:383,53,1,9
BRDA:383,54,0,66
BRDA:383,54,1,43
BRDA:383,54,2,40
BRDA:385,55,0,3
BRDA:385,55,1,54
BRDA:399,56,0,23
BRDA:399,56,1,34
BRDA:418,57,0,60
BRDA:418,57,1,56
BRDA:418,57,2,56
BRDA:419,58,0,4
BRDA:419,58,1,56
BRDA:420,59,0,4
BRDA:420,59,1,2
BRDA:420,60,0,4
BRDA:420,60,1,2
BRDA:421,61,0,4
BRDA:421,61,1,2
BRDA:421,62,0,4
BRDA:421,62,1,2
BRDA:436,63,0,1
BRDA:436,63,1,1
BRF:131
BRH:120
end_of_record
